<?xml version="1.0" encoding="UTF-8"?>
<testsuite failures="0" errors="0" skipped="0" tests="2" time="17.876460" name="Dynamic Loading">
<testcase classname="Dynamic Loading" name="select options from dropdown (outline example : | /1 |)" time="10.277046">
  <system-out>
    <![CDATA[]]>
  </system-out>
  <system-err>
    <![CDATA[]]>
  </system-err>
</testcase>
<testcase classname="Dynamic Loading" name="select options from dropdown (outline example : | /2 |)" time="7.599414">
  <system-out>
    <![CDATA[]]>
  </system-out>
  <system-err>
    <![CDATA[]]>
  </system-err>
</testcase>
</testsuite>
