<?xml version="1.0" encoding="UTF-8"?>
<testsuite failures="0" errors="0" skipped="0" tests="2" time="8.664008" name="Selecting from Dropdown">
<testcase classname="Selecting from Dropdown" name="Select Option 1 from dropdown (outline example : | Option 1 |)" time="5.983521">
  <system-out>
    <![CDATA[]]>
  </system-out>
  <system-err>
    <![CDATA[]]>
  </system-err>
</testcase>
<testcase classname="Selecting from Dropdown" name="Select Option 1 from dropdown (outline example : | Option 2 |)" time="2.680487">
  <system-out>
    <![CDATA[]]>
  </system-out>
  <system-err>
    <![CDATA[]]>
  </system-err>
</testcase>
</testsuite>
